Build started 2/23/2014 1:35:56 PM.
     1>Project "C:\Users\Mohamed\Documents\Visual Studio 2012\Projects\Map Routing\Map Routing\Map Routing.vcxproj" on node 2 (Build target(s)).
     1>InitializeBuildStatus:
         Creating "Debug\Map Routing.unsuccessfulbuild" because "AlwaysCreate" was specified.
       ClCompile:
         C:\Program Files (x86)\Microsoft Visual Studio 11.0\VC\bin\CL.exe /c /ZI /nologo /W3 /WX- /Od /Oy- /D WIN32 /D _DEBUG /D _CONSOLE /D _UNICODE /D UNICODE /Gm /EHsc /RTC1 /MDd /GS /fp:precise /Zc:wchar_t /Zc:forScope /Fo"Debug\\" /Fd"Debug\vc110.pdb" /Gd /TP /analyze- /errorReport:prompt Source.cpp
         Source.cpp
     1>c:\users\mohamed\documents\visual studio 2012\projects\map routing\map routing\dijkstra.h(33): warning C4018: '<' : signed/unsigned mismatch
     1>c:\users\mohamed\documents\visual studio 2012\projects\map routing\map routing\dijkstra.h(43): warning C4018: '<' : signed/unsigned mismatch
     1>c:\users\mohamed\documents\visual studio 2012\projects\map routing\map routing\dijkstra.h(72): warning C4018: '<' : signed/unsigned mismatch
     1>c:\users\mohamed\documents\visual studio 2012\projects\map routing\map routing\dijkstra.h(109): warning C4018: '<' : signed/unsigned mismatch
     1>c:\users\mohamed\documents\visual studio 2012\projects\map routing\map routing\dijkstra.h(146): warning C4018: '<' : signed/unsigned mismatch
     1>c:\users\mohamed\documents\visual studio 2012\projects\map routing\map routing\source.cpp(23): warning C4018: '<' : signed/unsigned mismatch
     1>c:\users\mohamed\documents\visual studio 2012\projects\map routing\map routing\source.cpp(19): warning C4101: 'N' : unreferenced local variable
     1>c:\users\mohamed\documents\visual studio 2012\projects\map routing\map routing\source.cpp(74): warning C4018: '<' : signed/unsigned mismatch
     1>c:\users\mohamed\documents\visual studio 2012\projects\map routing\map routing\source.cpp(77): warning C4018: '<' : signed/unsigned mismatch
     1>c:\users\mohamed\documents\visual studio 2012\projects\map routing\map routing\source.cpp(45): warning C4101: 'Path_Lenth' : unreferenced local variable
     1>c:\users\mohamed\documents\visual studio 2012\projects\map routing\map routing\source.cpp(150): warning C4996: 'freopen': This function or variable may be unsafe. Consider using freopen_s instead. To disable deprecation, use _CRT_SECURE_NO_WARNINGS. See online help for details.
                 c:\program files (x86)\microsoft visual studio 11.0\vc\include\stdio.h(233) : see declaration of 'freopen'
       Link:
         C:\Program Files (x86)\Microsoft Visual Studio 11.0\VC\bin\link.exe /ERRORREPORT:PROMPT /OUT:"C:\Users\Mohamed\Documents\Visual Studio 2012\Projects\Map Routing\Debug\Map Routing.exe" /INCREMENTAL /NOLOGO kernel32.lib user32.lib gdi32.lib winspool.lib comdlg32.lib advapi32.lib shell32.lib ole32.lib oleaut32.lib uuid.lib odbc32.lib odbccp32.lib /MANIFEST /MANIFESTUAC:"level='asInvoker' uiAccess='false'" /manifest:embed /DEBUG /PDB:"C:\Users\Mohamed\Documents\Visual Studio 2012\Projects\Map Routing\Debug\Map Routing.pdb" /SUBSYSTEM:CONSOLE /TLBID:1 /DYNAMICBASE /NXCOMPAT /IMPLIB:"C:\Users\Mohamed\Documents\Visual Studio 2012\Projects\Map Routing\Debug\Map Routing.lib" /MACHINE:X86 Debug\Source.obj
         Map Routing.vcxproj -> C:\Users\Mohamed\Documents\Visual Studio 2012\Projects\Map Routing\Debug\Map Routing.exe
       FinalizeBuildStatus:
         Deleting file "Debug\Map Routing.unsuccessfulbuild".
         Touching "Debug\Map Routing.lastbuildstate".
     1>Done Building Project "C:\Users\Mohamed\Documents\Visual Studio 2012\Projects\Map Routing\Map Routing\Map Routing.vcxproj" (Build target(s)).

Build succeeded.

Time Elapsed 00:00:03.09
