C:\USERS\MOHAMED\DOCUMENTS\VISUAL STUDIO 2012\PROJECTS\MAP ROUTING\MAP ROUTING\RELEASE\SOURCE.OBJ
C:\USERS\MOHAMED\DOCUMENTS\VISUAL STUDIO 2012\PROJECTS\MAP ROUTING\MAP ROUTING\RELEASE\VC110.PDB
C:\USERS\MOHAMED\DOCUMENTS\VISUAL STUDIO 2012\PROJECTS\MAP ROUTING\RELEASE\MAP ROUTING.EXE
C:\USERS\MOHAMED\DOCUMENTS\VISUAL STUDIO 2012\PROJECTS\MAP ROUTING\RELEASE\MAP ROUTING.PDB
C:\Users\Mohamed\Documents\Visual Studio 2012\Projects\Map Routing\Map Routing\Release\Source.obj
C:\Users\Mohamed\Documents\Visual Studio 2012\Projects\Map Routing\Map Routing\Release\cl.command.1.tlog
C:\Users\Mohamed\Documents\Visual Studio 2012\Projects\Map Routing\Map Routing\Release\CL.read.1.tlog
C:\Users\Mohamed\Documents\Visual Studio 2012\Projects\Map Routing\Map Routing\Release\CL.write.1.tlog
C:\Users\Mohamed\Documents\Visual Studio 2012\Projects\Map Routing\Map Routing\Release\link-cvtres.read.1.tlog
C:\Users\Mohamed\Documents\Visual Studio 2012\Projects\Map Routing\Map Routing\Release\link-cvtres.write.1.tlog
C:\Users\Mohamed\Documents\Visual Studio 2012\Projects\Map Routing\Map Routing\Release\link-rc.read.1.tlog
C:\Users\Mohamed\Documents\Visual Studio 2012\Projects\Map Routing\Map Routing\Release\link-rc.write.1.tlog
C:\Users\Mohamed\Documents\Visual Studio 2012\Projects\Map Routing\Map Routing\Release\link.command.1.tlog
C:\Users\Mohamed\Documents\Visual Studio 2012\Projects\Map Routing\Map Routing\Release\link.read.1.tlog
C:\Users\Mohamed\Documents\Visual Studio 2012\Projects\Map Routing\Map Routing\Release\link.read.2.tlog
C:\Users\Mohamed\Documents\Visual Studio 2012\Projects\Map Routing\Map Routing\Release\link.read.5.tlog
C:\Users\Mohamed\Documents\Visual Studio 2012\Projects\Map Routing\Map Routing\Release\link.write.1.tlog
C:\Users\Mohamed\Documents\Visual Studio 2012\Projects\Map Routing\Map Routing\Release\vc110.pdb
C:\Users\Mohamed\Documents\Visual Studio 2012\Projects\Map Routing\Release\Map Routing.pdb
C:\Users\Mohamed\Documents\Visual Studio 2012\Projects\Map Routing\Release\Map Routing.exe
